<?xml version="1.0" encoding="UTF-8"?>
<!-- Generated by org.testng.reporters.JUnitXMLReporter -->
<testsuite ignored="0" hostname="DESKTOP-PGQDMSG" failures="0" tests="3" name="BankingApp Test" time="193.317" errors="0" timestamp="2024-06-08T00:01:37 IST">
  <testcase classname="com.inetBanking.testCases.TC_LoginTest_001" name="loginTest" time="12.169"/>
  <testcase classname="com.inetBanking.testCases.TC_AddCustomerTest_003" name="addNewCustomer" time="56.107"/>
  <testcase classname="com.inetBanking.testCases.TC_AddAccountTest_004" name="addNewAccount" time="62.485"/>
</testsuite> <!-- BankingApp Test -->
