<?xml version="1.0" encoding="UTF-8"?>
<testng-results ignored="0" total="3" passed="3" failed="0" skipped="0">
  <reporter-output>
  </reporter-output>
  <suite started-at="2024-06-07T23:58:22 IST" name="InetBankingV9" finished-at="2024-06-08T00:01:36 IST" duration-ms="193317">
    <groups>
    </groups>
    <test started-at="2024-06-07T23:58:22 IST" name="BankingApp Test" finished-at="2024-06-08T00:01:36 IST" duration-ms="193317">
      <class name="com.inetBanking.testCases.TC_AddCustomerTest_003">
        <test-method is-config="true" signature="setup(java.lang.String)[pri:0, instance:com.inetBanking.testCases.TC_AddCustomerTest_003@14d3bc22]" started-at="2024-06-07T23:59:08 IST" name="setup" finished-at="2024-06-07T23:59:21 IST" duration-ms="13120" status="PASS">
          <params>
            <param index="0">
              <value>
                <![CDATA[chrome]]>
              </value>
            </param>
          </params>
          <reporter-output>
          </reporter-output>
        </test-method> <!-- setup -->
        <test-method signature="addNewCustomer()[pri:0, instance:com.inetBanking.testCases.TC_AddCustomerTest_003@14d3bc22]" started-at="2024-06-07T23:59:21 IST" name="addNewCustomer" finished-at="2024-06-08T00:00:17 IST" duration-ms="56107" status="PASS">
          <reporter-output>
          </reporter-output>
        </test-method> <!-- addNewCustomer -->
        <test-method is-config="true" signature="tearDown()[pri:0, instance:com.inetBanking.testCases.TC_AddCustomerTest_003@14d3bc22]" started-at="2024-06-08T00:00:17 IST" name="tearDown" finished-at="2024-06-08T00:00:18 IST" duration-ms="1555" status="PASS">
          <reporter-output>
          </reporter-output>
        </test-method> <!-- tearDown -->
      </class> <!-- com.inetBanking.testCases.TC_AddCustomerTest_003 -->
      <class name="com.inetBanking.testCases.TC_LoginTest_001">
        <test-method is-config="true" signature="setup(java.lang.String)[pri:0, instance:com.inetBanking.testCases.TC_LoginTest_001@222114ba]" started-at="2024-06-07T23:58:24 IST" name="setup" finished-at="2024-06-07T23:58:43 IST" duration-ms="18863" status="PASS">
          <params>
            <param index="0">
              <value>
                <![CDATA[chrome]]>
              </value>
            </param>
          </params>
          <reporter-output>
          </reporter-output>
        </test-method> <!-- setup -->
        <test-method signature="loginTest()[pri:0, instance:com.inetBanking.testCases.TC_LoginTest_001@222114ba]" started-at="2024-06-07T23:58:43 IST" name="loginTest" finished-at="2024-06-07T23:58:55 IST" duration-ms="12169" status="PASS">
          <reporter-output>
          </reporter-output>
        </test-method> <!-- loginTest -->
        <test-method is-config="true" signature="tearDown()[pri:0, instance:com.inetBanking.testCases.TC_LoginTest_001@222114ba]" started-at="2024-06-07T23:58:55 IST" name="tearDown" finished-at="2024-06-07T23:59:08 IST" duration-ms="12379" status="PASS">
          <reporter-output>
          </reporter-output>
        </test-method> <!-- tearDown -->
      </class> <!-- com.inetBanking.testCases.TC_LoginTest_001 -->
      <class name="com.inetBanking.testCases.TC_AddAccountTest_004">
        <test-method is-config="true" signature="setup(java.lang.String)[pri:0, instance:com.inetBanking.testCases.TC_AddAccountTest_004@12d4bf7e]" started-at="2024-06-08T00:00:18 IST" name="setup" finished-at="2024-06-08T00:00:31 IST" duration-ms="12716" status="PASS">
          <params>
            <param index="0">
              <value>
                <![CDATA[chrome]]>
              </value>
            </param>
          </params>
          <reporter-output>
          </reporter-output>
        </test-method> <!-- setup -->
        <test-method signature="addNewAccount()[pri:0, instance:com.inetBanking.testCases.TC_AddAccountTest_004@12d4bf7e]" started-at="2024-06-08T00:00:31 IST" name="addNewAccount" finished-at="2024-06-08T00:01:34 IST" duration-ms="62485" status="PASS">
          <reporter-output>
          </reporter-output>
        </test-method> <!-- addNewAccount -->
        <test-method is-config="true" signature="tearDown()[pri:0, instance:com.inetBanking.testCases.TC_AddAccountTest_004@12d4bf7e]" started-at="2024-06-08T00:01:34 IST" name="tearDown" finished-at="2024-06-08T00:01:36 IST" duration-ms="2059" status="PASS">
          <reporter-output>
          </reporter-output>
        </test-method> <!-- tearDown -->
      </class> <!-- com.inetBanking.testCases.TC_AddAccountTest_004 -->
    </test> <!-- BankingApp Test -->
  </suite> <!-- InetBankingV9 -->
</testng-results>
