<?xml version="1.0" encoding="UTF-8"?>
<testng-results ignored="0" total="1" passed="1" failed="0" skipped="0">
  <reporter-output>
  </reporter-output>
  <suite started-at="2024-06-06T10:46:04 IST" name="InetBankingV9" finished-at="2024-06-06T10:47:03 IST" duration-ms="59141">
    <groups>
    </groups>
    <test started-at="2024-06-06T10:46:04 IST" name="BankingApp Test" finished-at="2024-06-06T10:47:03 IST" duration-ms="59141">
      <class name="com.inetBanking.testCases.TC_DeleteCustomerTest_005">
        <test-method is-config="true" signature="setup(java.lang.String)[pri:0, instance:com.inetBanking.testCases.TC_DeleteCustomerTest_005@702657cc]" started-at="2024-06-06T10:46:05 IST" name="setup" finished-at="2024-06-06T10:46:18 IST" duration-ms="13379" status="PASS">
          <params>
            <param index="0">
              <value>
                <![CDATA[chrome]]>
              </value>
            </param>
          </params>
          <reporter-output>
          </reporter-output>
        </test-method> <!-- setup -->
        <test-method signature="deleteCustomer()[pri:0, instance:com.inetBanking.testCases.TC_DeleteCustomerTest_005@702657cc]" started-at="2024-06-06T10:46:18 IST" name="deleteCustomer" finished-at="2024-06-06T10:47:01 IST" duration-ms="42368" status="PASS">
          <reporter-output>
          </reporter-output>
        </test-method> <!-- deleteCustomer -->
        <test-method is-config="true" signature="tearDown()[pri:0, instance:com.inetBanking.testCases.TC_DeleteCustomerTest_005@702657cc]" started-at="2024-06-06T10:47:01 IST" name="tearDown" finished-at="2024-06-06T10:47:03 IST" duration-ms="2520" status="PASS">
          <reporter-output>
          </reporter-output>
        </test-method> <!-- tearDown -->
      </class> <!-- com.inetBanking.testCases.TC_DeleteCustomerTest_005 -->
    </test> <!-- BankingApp Test -->
  </suite> <!-- InetBankingV9 -->
</testng-results>
